<?xml version="1.0" encoding="UTF-8"?>
<testsuite xmlns:xsi="http://www.w3.org/2001/XMLSchema-instance" xsi:schemaLocation="https://maven.apache.org/surefire/maven-surefire-plugin/xsd/surefire-test-report.xsd" name="io.contino.lse.pipeline.UserRestIT" time="0.765" tests="1" errors="0" skipped="0" failures="1">
  <properties>
[...]
</properties>
  <testcase name="test1CreateUser" classname="io.contino.lse.pipeline.UserRestIT" time="0.765">
    <failure message="1 expectation failed.&#10;Expected status code &lt;200&gt; doesn&apos;t match actual status code &lt;405&gt;.&#10;" type="java.lang.AssertionError"><![CDATA[java.lang.AssertionError: 
1 expectation failed.
Expected status code <200> doesn't match actual status code <405>.

	at io.contino.lse.pipeline.UserRestIT.test1CreateUser(UserRestIT.java:23)
]]></failure>
    <system-out><![CDATA[14:07:58.167 [Finalizer] DEBUG o.a.h.i.conn.DefaultClientConnection - Connection 0.0.0.0:54740<->127.0.0.1:8080 closed
14:07:58.583 [main] DEBUG o.a.h.i.c.BasicClientConnectionManager - Get connection for route {}->http://localhost:8080
14:07:58.583 [main] DEBUG o.a.h.i.c.DefaultClientConnectionOperator - Connecting to localhost:8080
14:07:58.585 [main] DEBUG o.a.h.c.protocol.RequestAddCookies - CookieSpec selected: ignoreCookies
14:07:58.585 [main] DEBUG o.a.h.c.protocol.RequestAuthCache - Auth cache not set in the context
14:07:58.585 [main] DEBUG o.a.h.c.p.RequestTargetAuthentication - Target auth state: UNCHALLENGED
14:07:58.585 [main] DEBUG o.a.h.c.p.RequestProxyAuthentication - Proxy auth state: UNCHALLENGED
14:07:58.586 [main] DEBUG o.a.h.impl.client.DefaultHttpClient - Attempt 1 to execute request
14:07:58.586 [main] DEBUG o.a.h.i.conn.DefaultClientConnection - Sending request: POST /users/ HTTP/1.1
14:07:58.588 [main] DEBUG org.apache.http.wire -  >> "POST /users/ HTTP/1.1[\r][\n]"
14:07:58.601 [main] DEBUG org.apache.http.wire -  >> "Accept: */*[\r][\n]"
14:07:58.601 [main] DEBUG org.apache.http.wire -  >> "Content-Type: application/json; charset=UTF-8[\r][\n]"
14:07:58.601 [main] DEBUG org.apache.http.wire -  >> "Content-Length: 82[\r][\n]"
14:07:58.601 [main] DEBUG org.apache.http.wire -  >> "Host: localhost:8080[\r][\n]"
14:07:58.601 [main] DEBUG org.apache.http.wire -  >> "Connection: Keep-Alive[\r][\n]"
14:07:58.601 [main] DEBUG org.apache.http.wire -  >> "User-Agent: Apache-HttpClient/4.5.1 (Java/1.8.0_111)[\r][\n]"
14:07:58.601 [main] DEBUG org.apache.http.wire -  >> "Accept-Encoding: gzip,deflate[\r][\n]"
14:07:58.602 [main] DEBUG org.apache.http.wire -  >> "[\r][\n]"
14:07:58.602 [main] DEBUG org.apache.http.headers - >> POST /users/ HTTP/1.1
14:07:58.602 [main] DEBUG org.apache.http.headers - >> Accept: */*
14:07:58.602 [main] DEBUG org.apache.http.headers - >> Content-Type: application/json; charset=UTF-8
14:07:58.602 [main] DEBUG org.apache.http.headers - >> Content-Length: 82
14:07:58.602 [main] DEBUG org.apache.http.headers - >> Host: localhost:8080
14:07:58.602 [main] DEBUG org.apache.http.headers - >> Connection: Keep-Alive
14:07:58.602 [main] DEBUG org.apache.http.headers - >> User-Agent: Apache-HttpClient/4.5.1 (Java/1.8.0_111)
14:07:58.602 [main] DEBUG org.apache.http.headers - >> Accept-Encoding: gzip,deflate
14:07:58.605 [main] DEBUG org.apache.http.wire -  >> "{"name":"Bruno Krebs","email":"brunokrebs@spam4.me","password":"bestpasswordever"}"
14:07:58.671 [main] DEBUG org.apache.http.wire -  << "HTTP/1.1 405 Method Not Allowed[\r][\n]"
14:07:58.671 [main] DEBUG org.apache.http.wire -  << "Server: Apache-Coyote/1.1[\r][\n]"
14:07:58.671 [main] DEBUG org.apache.http.wire -  << "X-Application-Context: application[\r][\n]"
14:07:58.671 [main] DEBUG org.apache.http.wire -  << "Allow: HEAD, GET[\r][\n]"
14:07:58.671 [main] DEBUG org.apache.http.wire -  << "Content-Type: application/json;charset=UTF-8[\r][\n]"
14:07:58.672 [main] DEBUG org.apache.http.wire -  << "Transfer-Encoding: chunked[\r][\n]"
14:07:58.672 [main] DEBUG org.apache.http.wire -  << "Date: Wed, 16 Aug 2017 14:07:58 GMT[\r][\n]"
14:07:58.672 [main] DEBUG org.apache.http.wire -  << "[\r][\n]"
14:07:58.672 [main] DEBUG o.a.h.i.conn.DefaultClientConnection - Receiving response: HTTP/1.1 405 Method Not Allowed
14:07:58.672 [main] DEBUG org.apache.http.headers - << HTTP/1.1 405 Method Not Allowed
14:07:58.672 [main] DEBUG org.apache.http.headers - << Server: Apache-Coyote/1.1
14:07:58.672 [main] DEBUG org.apache.http.headers - << X-Application-Context: application
14:07:58.672 [main] DEBUG org.apache.http.headers - << Allow: HEAD, GET
14:07:58.672 [main] DEBUG org.apache.http.headers - << Content-Type: application/json;charset=UTF-8
14:07:58.673 [main] DEBUG org.apache.http.headers - << Transfer-Encoding: chunked
14:07:58.673 [main] DEBUG org.apache.http.headers - << Date: Wed, 16 Aug 2017 14:07:58 GMT
14:07:58.673 [main] DEBUG o.a.h.impl.client.DefaultHttpClient - Connection can be kept alive indefinitely
14:07:58.674 [main] DEBUG c.j.r.i.RequestSpecificationImpl$RestAssuredHttpBuilder - Parsing response as: application/json;charset=UTF-8
14:07:58.674 [main] DEBUG c.j.r.i.RequestSpecificationImpl$RestAssuredHttpBuilder - Parsed data to instance of: class org.apache.http.conn.EofSensorInputStream
]]></system-out>
  </testcase>
</testsuite>